
FileVersion:        2

ResolutionOfTime:   msec

Experiment:         Voix

BackgroundColor:    122 127 124
TextColor:          255 255 255

TimeCourseColor:    255 255 255
TimeCourseThick:    3
ReferenceFuncColor: 192 192 192
ReferenceFuncThick: 2

NrOfConditions:     2

Stimuli
4
  1943.4282000001986 3950.2376000164077
  6539.292400004342 8540.067800000543
  11048.707700014347 13051.965800026665
  15548.100400017574 17549.033600022085
Color: 255 255 255

Fixation
5
  2.517999993870035 1505.0433999858797
  4888.142900017556 6391.285800025798
  9417.947600013576 10920.112300023902
  13924.799400003394 15426.940800010925
  18430.185200006235 20430.188400001498
Color: 255 255 255

